Using pre-set license
Built from '2020.3/release' branch; Version is '2020.3.7f1 (dd97f2c94397) revision 14522354'; Using compiler version '192528614'; Build Type 'Release'
OS: 'Windows 10 Pro; OS build 19043.1288; Version 2009; 64bit' Language: 'en' Physical Memory: 7967 MB
BatchMode: 1, IsHumanControllingUs: 0, StartBugReporterOnCrash: 0, Is64bit: 1, IsPro: 0

 COMMAND LINE ARGUMENTS:
C:\Program Files\Unity\2020.3.7f1\Editor\Unity.exe
-adb2
-batchMode
-noUpm
-name
AssetImportWorker2
-projectPath
C:/Projects/Game-Prototype
-logFile
Logs/AssetImportWorker2.log
-srvPort
50191
Successfully changed project path to: C:/Projects/Game-Prototype
C:/Projects/Game-Prototype
Using Asset Import Pipeline V2.
Refreshing native plugins compatible for Editor in 3129.81 ms, found 0 plugins.
Preloading 0 native plugins for Editor in 0.00 ms.
Initialize engine version: 2020.3.7f1 (dd97f2c94397)
[Subsystems] Discovering subsystems at path C:/Program Files/Unity/2020.3.7f1/Editor/Data/Resources/UnitySubsystems
[Subsystems] Discovering subsystems at path C:/Projects/Game-Prototype/Assets
GfxDevice: creating device client; threaded=0
Direct3D:
    Version:  Direct3D 11.0 [level 10.1]
    Renderer: Intel(R) HD Graphics 3000 (ID=0x126)
    Vendor:   
    VRAM:     128 MB
    Driver:   9.17.10.4459
Initialize mono
Mono path[0] = 'C:/Program Files/Unity/2020.3.7f1/Editor/Data/Managed'
Mono path[1] = 'C:/Program Files/Unity/2020.3.7f1/Editor/Data/MonoBleedingEdge/lib/mono/unityjit'
Mono config path = 'C:/Program Files/Unity/2020.3.7f1/Editor/Data/MonoBleedingEdge/etc'
Using monoOptions --debugger-agent=transport=dt_socket,embedding=1,server=y,suspend=n,address=127.0.0.1:56576
Begin MonoManager ReloadAssembly
Registering precompiled unity dll's ...
Register platform support module: C:/Program Files/Unity/2020.3.7f1/Editor/Data/PlaybackEngines/WindowsStandaloneSupport/UnityEditor.WindowsStandalone.Extensions.dll
Register platform support module: C:/Program Files/Unity/2020.3.7f1/Editor/Data/PlaybackEngines/LinuxStandaloneSupport/UnityEditor.LinuxStandalone.Extensions.dll
Registered in 0.010168 seconds.
Native extension for LinuxStandalone target not found
Native extension for WindowsStandalone target not found
Refreshing native plugins compatible for Editor in 172.16 ms, found 0 plugins.
Preloading 0 native plugins for Editor in 0.00 ms.
Mono: successfully reloaded assembly
- Completed reload, in  5.541 seconds
Platform modules already initialized, skipping
Registering precompiled user dll's ...
Registered in 0.003721 seconds.
Begin MonoManager ReloadAssembly
Native extension for LinuxStandalone target not found
Native extension for WindowsStandalone target not found
Refreshing native plugins compatible for Editor in 0.67 ms, found 0 plugins.
Preloading 0 native plugins for Editor in 0.00 ms.
Mono: successfully reloaded assembly
- Completed reload, in  2.263 seconds
Platform modules already initialized, skipping
========================================================================
Worker process is ready to serve import requests
Launched and connected shader compiler UnityShaderCompiler.exe after 0.12 seconds
Refreshing native plugins compatible for Editor in 0.92 ms, found 0 plugins.
Preloading 0 native plugins for Editor in 0.00 ms.
Unloading 1286 Unused Serialized files (Serialized files now loaded: 0)
System memory in use before: 78.8 MB.
System memory in use after: 78.8 MB.

Unloading 12 unused Assets to reduce memory usage. Loaded Objects now: 1745.
Total: 3.116700 ms (FindLiveObjects: 0.263900 ms CreateObjectMapping: 0.077600 ms MarkObjects: 2.329700 ms  DeleteObjects: 0.443300 ms)

========================================================================
Received Import Request.
  path: Assets/Scripts/Items/ConsumableObject.cs
  artifactKey: Guid(e2ccb2b03f0b2184f84c502f76cb3ab2) Importer(815301076,1909f56bfc062723c751e8b465ee728b)
Start importing Assets/Scripts/Items/ConsumableObject.cs using Guid(e2ccb2b03f0b2184f84c502f76cb3ab2) Importer(815301076,1909f56bfc062723c751e8b465ee728b)  -> (artifact id: '3fdea2d875640fd4345448e4ae6bebe8') in 0.109509 seconds
  Import took 0.114203 seconds .

========================================================================
Received Prepare
Registering precompiled user dll's ...
Registered in 0.001680 seconds.
Begin MonoManager ReloadAssembly
Native extension for LinuxStandalone target not found
Native extension for WindowsStandalone target not found
Refreshing native plugins compatible for Editor in 0.57 ms, found 0 plugins.
Preloading 0 native plugins for Editor in 0.00 ms.
Mono: successfully reloaded assembly
- Completed reload, in  1.399 seconds
Platform modules already initialized, skipping
Refreshing native plugins compatible for Editor in 0.61 ms, found 0 plugins.
Preloading 0 native plugins for Editor in 0.00 ms.
Unloading 1267 Unused Serialized files (Serialized files now loaded: 0)
System memory in use before: 77.4 MB.
System memory in use after: 77.5 MB.

Unloading 7 unused Assets to reduce memory usage. Loaded Objects now: 1747.
Total: 2.303300 ms (FindLiveObjects: 0.207000 ms CreateObjectMapping: 0.056200 ms MarkObjects: 1.893600 ms  DeleteObjects: 0.144600 ms)

========================================================================
Received Import Request.
  Time since last request: 1154.067423 seconds.
  path: Assets/Scripts/Player.cs
  artifactKey: Guid(bbec23e516e4fa34488d946d7d1b3f02) Importer(815301076,1909f56bfc062723c751e8b465ee728b)
Start importing Assets/Scripts/Player.cs using Guid(bbec23e516e4fa34488d946d7d1b3f02) Importer(815301076,1909f56bfc062723c751e8b465ee728b)  -> (artifact id: 'ecda6a7c4617626115b7de6473da7382') in 0.017575 seconds
  Import took 0.022017 seconds .

========================================================================
Received Prepare
Registering precompiled user dll's ...
Registered in 0.001749 seconds.
Begin MonoManager ReloadAssembly
Native extension for LinuxStandalone target not found
Native extension for WindowsStandalone target not found
Refreshing native plugins compatible for Editor in 0.64 ms, found 0 plugins.
Preloading 0 native plugins for Editor in 0.00 ms.
Mono: successfully reloaded assembly
- Completed reload, in  2.037 seconds
Platform modules already initialized, skipping
Refreshing native plugins compatible for Editor in 0.71 ms, found 0 plugins.
Preloading 0 native plugins for Editor in 0.00 ms.
Unloading 1266 Unused Serialized files (Serialized files now loaded: 0)
System memory in use before: 77.4 MB.
System memory in use after: 77.5 MB.

Unloading 8 unused Assets to reduce memory usage. Loaded Objects now: 1748.
Total: 2.408500 ms (FindLiveObjects: 0.210100 ms CreateObjectMapping: 0.087400 ms MarkObjects: 1.967200 ms  DeleteObjects: 0.141900 ms)

========================================================================
Received Import Request.
  Time since last request: 22.336740 seconds.
  path: Assets/Scripts/Health.cs
  artifactKey: Guid(563cf01d53f8d77409c210b79c643d9d) Importer(815301076,1909f56bfc062723c751e8b465ee728b)
Start importing Assets/Scripts/Health.cs using Guid(563cf01d53f8d77409c210b79c643d9d) Importer(815301076,1909f56bfc062723c751e8b465ee728b)  -> (artifact id: 'd5c0662091ffd79fe6c773e9bef92fee') in 0.015994 seconds
  Import took 0.020306 seconds .

========================================================================
Received Import Request.
  Time since last request: 63.030295 seconds.
  path: Assets/Prefabs/UI/PlayerHUD.prefab
  artifactKey: Guid(ee72e8cac30cbcd4aa8f0a24416f70f4) Importer(815301076,1909f56bfc062723c751e8b465ee728b)
Start importing Assets/Prefabs/UI/PlayerHUD.prefab using Guid(ee72e8cac30cbcd4aa8f0a24416f70f4) Importer(815301076,1909f56bfc062723c751e8b465ee728b)  -> (artifact id: 'ef451491642a7226200421978aee67be') in 0.076069 seconds
  Import took 0.081258 seconds .

========================================================================
Received Import Request.
  Time since last request: 33.175642 seconds.
  path: Assets/Scripts/MainMenu.cs
  artifactKey: Guid(a564a8d7c81db624dafd72677a5524db) Importer(815301076,1909f56bfc062723c751e8b465ee728b)
Start importing Assets/Scripts/MainMenu.cs using Guid(a564a8d7c81db624dafd72677a5524db) Importer(815301076,1909f56bfc062723c751e8b465ee728b)  -> (artifact id: '1c975e03293794074be4bee4478c9b9c') in 0.019542 seconds
  Import took 0.025701 seconds .

========================================================================
Received Import Request.
  Time since last request: 0.002733 seconds.
  path: Assets/Scripts/MainMenu.cs
  artifactKey: Guid(a564a8d7c81db624dafd72677a5524db) Importer(815301076,1909f56bfc062723c751e8b465ee728b)
Start importing Assets/Scripts/MainMenu.cs using Guid(a564a8d7c81db624dafd72677a5524db) Importer(815301076,1909f56bfc062723c751e8b465ee728b)  -> (artifact id: '1c975e03293794074be4bee4478c9b9c') in 0.034132 seconds
  Import took 0.063169 seconds .

========================================================================
Received Import Request.
  Time since last request: 24.157055 seconds.
  path: Assets/Prefabs/Player
  artifactKey: Guid(cd255bdd9014ce24db7d6d3db016ee72) Importer(815301076,1909f56bfc062723c751e8b465ee728b)
Start importing Assets/Prefabs/Player using Guid(cd255bdd9014ce24db7d6d3db016ee72) Importer(815301076,1909f56bfc062723c751e8b465ee728b)  -> (artifact id: '4f746aac5b47fc58cbf770da0ac5a747') in 0.009981 seconds
  Import took 0.025082 seconds .

